<?xml version="1.0" encoding="UTF-8"?>
<!-- Generated by org.testng.reporters.JUnitReportReporter -->
<testsuite hostname="DESKTOP-QSI75QQ" failures="0" tests="1" name="clicflyer.testCases.TestData1" time="1.156" errors="0" timestamp="2024-03-09T14:18:46 IST" skipped="0">
  <testcase classname="clicflyer.testCases.TestData1" name="excelCheck" time="1.156"/>
</testsuite> <!-- clicflyer.testCases.TestData1 -->
