<?xml version="1.0" encoding="UTF-8"?>
<!-- Generated by org.testng.reporters.JUnitReportReporter -->
<testsuite hostname="DESKTOP-QSI75QQ" failures="0" tests="1" name="clicflyer.testCases.TC_LoginTest_001" time="6.004" errors="0" timestamp="2024-02-23T10:19:15 IST" skipped="0">
  <testcase classname="clicflyer.testCases.TC_LoginTest_001" name="loginTest" time="6.004"/>
</testsuite> <!-- clicflyer.testCases.TC_LoginTest_001 -->
